# JRE version: Java(TM) SE Runtime Environment (7.0_75-b13) (build 1.7.0_75-b13)
# Java VM: Java HotSpot(TM) 64-Bit Server VM (24.75-b04 mixed mode windows-amd64 compressed oops)
Heap
 PSYoungGen      total 204800K, used 204411K [0x00000000eaa80000, 0x00000000fe800000, 0x0000000100000000)
  eden space 121856K, 100% used [0x00000000eaa80000,0x00000000f2180000,0x00000000f2180000)
  from space 82944K, 99% used [0x00000000f7e80000,0x00000000fcf1ef00,0x00000000fcf80000)
  to   space 95232K, 85% used [0x00000000f2180000,0x00000000f7093e80,0x00000000f7e80000)
 ParOldGen       total 600064K, used 118694K [0x00000000c0000000, 0x00000000e4a00000, 0x00000000eaa80000)
  object space 600064K, 19% used [0x00000000c0000000,0x00000000c73e9a10,0x00000000e4a00000)
 PSPermGen       total 155648K, used 155620K [0x00000000b0000000, 0x00000000b9800000, 0x00000000c0000000)
  object space 155648K, 99% used [0x00000000b0000000,0x00000000b97f90d0,0x00000000b9800000)
GC Heap History (10 events):
Event: 5195.121 GC heap after
Heap after GC invocations=136 (full 23):
 PSYoungGen      total 189952K, used 49454K [0x00000000eaa80000, 0x00000000fa880000, 0x0000000100000000)
  eden space 139776K, 0% used [0x00000000eaa80000,0x00000000eaa80000,0x00000000f3300000)
  from space 50176K, 98% used [0x00000000f6a80000,0x00000000f9acba30,0x00000000f9b80000)
  to   space 56832K, 0% used [0x00000000f3300000,0x00000000f3300000,0x00000000f6a80000)
 ParOldGen       total 600064K, used 113136K [0x00000000c0000000, 0x00000000e4a00000, 0x00000000eaa80000)
  object space 600064K, 18% used [0x00000000c0000000,0x00000000c6e7c3f8,0x00000000e4a00000)
 PSPermGen       total 142336K, used 142055K [0x00000000b0000000, 0x00000000b8b00000, 0x00000000c0000000)
  object space 142336K, 99% used [0x00000000b0000000,0x00000000b8ab9c30,0x00000000b8b00000)
}
Event: 5195.838 GC heap before
{Heap before GC invocations=137 (full 23):
 PSYoungGen      total 189952K, used 189230K [0x00000000eaa80000, 0x00000000fa880000, 0x0000000100000000)
  eden space 139776K, 100% used [0x00000000eaa80000,0x00000000f3300000,0x00000000f3300000)
  from space 50176K, 98% used [0x00000000f6a80000,0x00000000f9acba30,0x00000000f9b80000)
  to   space 56832K, 0% used [0x00000000f3300000,0x00000000f3300000,0x00000000f6a80000)
 ParOldGen       total 600064K, used 113136K [0x00000000c0000000, 0x00000000e4a00000, 0x00000000eaa80000)
  object space 600064K, 18% used [0x00000000c0000000,0x00000000c6e7c3f8,0x00000000e4a00000)
 PSPermGen       total 143872K, used 143466K [0x00000000b0000000, 0x00000000b8c80000, 0x00000000c0000000)
  object space 143872K, 99% used [0x00000000b0000000,0x00000000b8c1ab50,0x00000000b8c80000)
Event: 5195.866 GC heap after
Heap after GC invocations=137 (full 23):
 PSYoungGen      total 196608K, used 52453K [0x00000000eaa80000, 0x00000000faf00000, 0x0000000100000000)
  eden space 139776K, 0% used [0x00000000eaa80000,0x00000000eaa80000,0x00000000f3300000)
  from space 56832K, 92% used [0x00000000f3300000,0x00000000f6639570,0x00000000f6a80000)
  to   space 62976K, 0% used [0x00000000f7180000,0x00000000f7180000,0x00000000faf00000)
 ParOldGen       total 600064K, used 113136K [0x00000000c0000000, 0x00000000e4a00000, 0x00000000eaa80000)
  object space 600064K, 18% used [0x00000000c0000000,0x00000000c6e7c3f8,0x00000000e4a00000)
 PSPermGen       total 143872K, used 143466K [0x00000000b0000000, 0x00000000b8c80000, 0x00000000c0000000)
  object space 143872K, 99% used [0x00000000b0000000,0x00000000b8c1ab50,0x00000000b8c80000)
}
Event: 5198.021 GC heap before
{Heap before GC invocations=138 (full 23):
 PSYoungGen      total 196608K, used 192229K [0x00000000eaa80000, 0x00000000faf00000, 0x0000000100000000)
  eden space 139776K, 100% used [0x00000000eaa80000,0x00000000f3300000,0x00000000f3300000)
  from space 56832K, 92% used [0x00000000f3300000,0x00000000f6639570,0x00000000f6a80000)
  to   space 62976K, 0% used [0x00000000f7180000,0x00000000f7180000,0x00000000faf00000)
 ParOldGen       total 600064K, used 113136K [0x00000000c0000000, 0x00000000e4a00000, 0x00000000eaa80000)
  object space 600064K, 18% used [0x00000000c0000000,0x00000000c6e7c3f8,0x00000000e4a00000)
 PSPermGen       total 144896K, used 144858K [0x00000000b0000000, 0x00000000b8d80000, 0x00000000c0000000)
  object space 144896K, 99% used [0x00000000b0000000,0x00000000b8d76b40,0x00000000b8d80000)
Event: 5198.061 GC heap after
Heap after GC invocations=138 (full 23):
 PSYoungGen      total 196096K, used 60513K [0x00000000eaa80000, 0x00000000fbe00000, 0x0000000100000000)
  eden space 133120K, 0% used [0x00000000eaa80000,0x00000000eaa80000,0x00000000f2c80000)
  from space 62976K, 96% used [0x00000000f7180000,0x00000000fac987b0,0x00000000faf00000)
  to   space 70656K, 0% used [0x00000000f2c80000,0x00000000f2c80000,0x00000000f7180000)
 ParOldGen       total 600064K, used 113136K [0x00000000c0000000, 0x00000000e4a00000, 0x00000000eaa80000)
  object space 600064K, 18% used [0x00000000c0000000,0x00000000c6e7c3f8,0x00000000e4a00000)
 PSPermGen       total 144896K, used 144858K [0x00000000b0000000, 0x00000000b8d80000, 0x00000000c0000000)
  object space 144896K, 99% used [0x00000000b0000000,0x00000000b8d76b40,0x00000000b8d80000)
}
Event: 5199.242 GC heap before
{Heap before GC invocations=139 (full 23):
 PSYoungGen      total 196096K, used 193633K [0x00000000eaa80000, 0x00000000fbe00000, 0x0000000100000000)
  eden space 133120K, 100% used [0x00000000eaa80000,0x00000000f2c80000,0x00000000f2c80000)
  from space 62976K, 96% used [0x00000000f7180000,0x00000000fac987b0,0x00000000faf00000)
  to   space 70656K, 0% used [0x00000000f2c80000,0x00000000f2c80000,0x00000000f7180000)
 ParOldGen       total 600064K, used 113136K [0x00000000c0000000, 0x00000000e4a00000, 0x00000000eaa80000)
  object space 600064K, 18% used [0x00000000c0000000,0x00000000c6e7c3f8,0x00000000e4a00000)
 PSPermGen       total 152576K, used 152269K [0x00000000b0000000, 0x00000000b9500000, 0x00000000c0000000)
  object space 152576K, 99% used [0x00000000b0000000,0x00000000b94b3550,0x00000000b9500000)
Event: 5199.282 GC heap after
Heap after GC invocations=139 (full 23):
 PSYoungGen      total 203776K, used 70655K [0x00000000eaa80000, 0x00000000fcf80000, 0x0000000100000000)
  eden space 133120K, 0% used [0x00000000eaa80000,0x00000000eaa80000,0x00000000f2c80000)
  from space 70656K, 99% used [0x00000000f2c80000,0x00000000f717fe90,0x00000000f7180000)
  to   space 82944K, 0% used [0x00000000f7e80000,0x00000000f7e80000,0x00000000fcf80000)
 ParOldGen       total 600064K, used 118694K [0x00000000c0000000, 0x00000000e4a00000, 0x00000000eaa80000)
  object space 600064K, 19% used [0x00000000c0000000,0x00000000c73e9a10,0x00000000e4a00000)
 PSPermGen       total 152576K, used 152269K [0x00000000b0000000, 0x00000000b9500000, 0x00000000c0000000)
  object space 152576K, 99% used [0x00000000b0000000,0x00000000b94b3550,0x00000000b9500000)
}
Event: 5200.380 GC heap before
{Heap before GC invocations=140 (full 23):
 PSYoungGen      total 203776K, used 203775K [0x00000000eaa80000, 0x00000000fcf80000, 0x0000000100000000)
  eden space 133120K, 100% used [0x00000000eaa80000,0x00000000f2c80000,0x00000000f2c80000)
  from space 70656K, 99% used [0x00000000f2c80000,0x00000000f717fe90,0x00000000f7180000)
  to   space 82944K, 0% used [0x00000000f7e80000,0x00000000f7e80000,0x00000000fcf80000)
 ParOldGen       total 600064K, used 118694K [0x00000000c0000000, 0x00000000e4a00000, 0x00000000eaa80000)
  object space 600064K, 19% used [0x00000000c0000000,0x00000000c73e9a10,0x00000000e4a00000)
 PSPermGen       total 154112K, used 154013K [0x00000000b0000000, 0x00000000b9680000, 0x00000000c0000000)
  object space 154112K, 99% used [0x00000000b0000000,0x00000000b96677f0,0x00000000b9680000)
Event: 5200.433 GC heap after
Heap after GC invocations=140 (full 23):
 PSYoungGen      total 204800K, used 82555K [0x00000000eaa80000, 0x00000000fe800000, 0x0000000100000000)
  eden space 121856K, 0% used [0x00000000eaa80000,0x00000000eaa80000,0x00000000f2180000)
  from space 82944K, 99% used [0x00000000f7e80000,0x00000000fcf1ef00,0x00000000fcf80000)
  to   space 95232K, 0% used [0x00000000f2180000,0x00000000f2180000,0x00000000f7e80000)
 ParOldGen       total 600064K, used 118694K [0x00000000c0000000, 0x00000000e4a00000, 0x00000000eaa80000)
  object space 600064K, 19% used [0x00000000c0000000,0x00000000c73e9a10,0x00000000e4a00000)
 PSPermGen       total 154112K, used 154013K [0x00000000b0000000, 0x00000000b9680000, 0x00000000c0000000)
  object space 154112K, 99% used [0x00000000b0000000,0x00000000b96677f0,0x00000000b9680000)
}
Event: 5226.150 GC heap before
{Heap before GC invocations=141 (full 23):
 PSYoungGen      total 204800K, used 204411K [0x00000000eaa80000, 0x00000000fe800000, 0x0000000100000000)
  eden space 121856K, 100% used [0x00000000eaa80000,0x00000000f2180000,0x00000000f2180000)
  from space 82944K, 99% used [0x00000000f7e80000,0x00000000fcf1ef00,0x00000000fcf80000)
  to   space 95232K, 0% used [0x00000000f2180000,0x00000000f2180000,0x00000000f7e80000)
 ParOldGen       total 600064K, used 118694K [0x00000000c0000000, 0x00000000e4a00000, 0x00000000eaa80000)
  object space 600064K, 19% used [0x00000000c0000000,0x00000000c73e9a10,0x00000000e4a00000)
 PSPermGen       total 155648K, used 155620K [0x00000000b0000000, 0x00000000b9800000, 0x00000000c0000000)
  object space 155648K, 99% used [0x00000000b0000000,0x00000000b97f90d0,0x00000000b9800000)

